<?xml version="1.0" encoding="UTF-8"?>
<testng-results ignored="0" total="1" passed="1" failed="0" skipped="0">
  <reporter-output>
  </reporter-output>
  <suite started-at="2022-01-19T06:08:17Z" name="Default suite" finished-at="2022-01-19T06:09:03Z" duration-ms="45262">
    <groups>
    </groups>
    <test started-at="2022-01-19T06:08:17Z" name="Default test" finished-at="2022-01-19T06:09:03Z" duration-ms="45262">
      <class name="TestOperations.testRunner">
        <test-method signature="validToAirportTripBooking()[pri:1, instance:TestOperations.testRunner@79179359]" started-at="2022-01-19T06:08:17Z" name="validToAirportTripBooking" finished-at="2022-01-19T06:09:01Z" duration-ms="44010" status="PASS">
          <reporter-output>
          </reporter-output>
        </test-method> <!-- validToAirportTripBooking -->
        <test-method is-config="true" signature="teardown()[pri:0, instance:TestOperations.testRunner@79179359]" started-at="2022-01-19T06:09:01Z" name="teardown" finished-at="2022-01-19T06:09:03Z" duration-ms="1218" status="PASS">
          <reporter-output>
          </reporter-output>
        </test-method> <!-- teardown -->
        <test-method is-config="true" signature="reportClose()[pri:0, instance:TestOperations.testRunner@79179359]" started-at="2022-01-19T06:09:03Z" name="reportClose" finished-at="2022-01-19T06:09:03Z" duration-ms="348" status="PASS">
          <reporter-output>
          </reporter-output>
        </test-method> <!-- reportClose -->
      </class> <!-- TestOperations.testRunner -->
    </test> <!-- Default test -->
  </suite> <!-- Default suite -->
</testng-results>
