<?xml version="1.0" encoding="UTF-8"?>
<!-- Generated by org.testng.reporters.JUnitXMLReporter -->
<testsuite ignored="0" hostname="LAPTOP-78KC8FJR" failures="1" tests="2" name="Test8" time="19.283" errors="0" timestamp="17 Jan 2022 09:13:40 GMT">
  <testcase classname="TestOperations.TestCase_008" name="navigate" time="12.251"/>
  <testcase classname="TestOperations.TestCase_008" name="validlocalTripBooking" time="5.104">
    <failure type="java.lang.NullPointerException">
      <![CDATA[java.lang.NullPointerException
at org.openqa.selenium.support.ui.Quotes.escape(Quotes.java:42)
at org.openqa.selenium.support.ui.Select.selectByVisibleText(Select.java:113)
at uiRepositories.selectCarPageUI.localBooking(selectCarPageUI.java:221)
at TestOperations.TestCase_008.validlocalTripBooking(TestCase_008.java:36)
... Removed 25 stack frames]]>
    </failure>
  </testcase> <!-- validlocalTripBooking -->
</testsuite> <!-- Test8 -->
