<?xml version="1.0" encoding="UTF-8"?>
<!-- Generated by org.testng.reporters.JUnitXMLReporter -->
<testsuite ignored="0" hostname="LAPTOP-78KC8FJR" failures="0" tests="3" name="Test13" time="17.062" errors="0" timestamp="17 Jan 2022 09:15:32 GMT">
  <testcase classname="TestOperations.TestCase_013" name="navigate" time="14.849"/>
  <testcase classname="TestOperations.TestCase_013" name="validAboutDetails" time="1.23"/>
  <testcase classname="TestOperations.TestCase_013" name="teardown" time="0.977"/>
</testsuite> <!-- Test13 -->
