<?xml version="1.0" encoding="UTF-8"?>
<!-- Generated by org.testng.reporters.JUnitXMLReporter -->
<testsuite ignored="0" hostname="LAPTOP-78KC8FJR" failures="1" tests="15" name="Test" time="271.241" errors="0" timestamp="17 Jan 2022 12:55:49 GMT">
  <testcase classname="TestOperations.testRunner" name="homePageGetTitle" time="10.672"/>
  <testcase classname="TestOperations.testRunner" name="homePageElement" time="9.02"/>
  <testcase classname="TestOperations.testRunner" name="validAgentDetails" time="18.383"/>
  <testcase classname="TestOperations.testRunner" name="validcustomerLoginDetails" time="13.784"/>
  <testcase classname="TestOperations.testRunner" name="validforgotPasswordDetails" time="13.899"/>
  <testcase classname="TestOperations.testRunner" name="validonewayBooking" time="17.16"/>
  <testcase classname="TestOperations.testRunner" name="validroundtripBooking" time="19.238"/>
  <testcase classname="TestOperations.testRunner" name="validlocalTripBooking" time="13.258">
    <failure type="java.lang.AssertionError" message="expected [true] but found [false]">
      <![CDATA[java.lang.AssertionError: expected [true] but found [false]
at uiRepositories.selectCarPageUI.localBooking(selectCarPageUI.java:243)
at TestOperations.testRunner.validlocalTripBooking(testRunner.java:110)
... Removed 29 stack frames]]>
    </failure>
  </testcase> <!-- validlocalTripBooking -->
  <testcase classname="TestOperations.testRunner" name="validFromAirportTripBooking" time="24.706"/>
  <testcase classname="TestOperations.testRunner" name="validToAirportTripBooking" time="24.395"/>
  <testcase classname="TestOperations.testRunner" name="validContactDetails" time="16.397"/>
  <testcase classname="TestOperations.testRunner" name="validbloggerSocialLinkDetails" time="28.998"/>
  <testcase classname="TestOperations.testRunner" name="validAboutDetails" time="14.044"/>
  <testcase classname="TestOperations.testRunner" name="validcabTypeDetails" time="16.252"/>
  <testcase classname="TestOperations.testRunner" name="validcarRentalDetails" time="15.504"/>
</testsuite> <!-- Test -->
