<?xml version="1.0" encoding="UTF-8"?>
<!-- Generated by org.testng.reporters.JUnitXMLReporter -->
<testsuite ignored="0" hostname="LAPTOP-78KC8FJR" failures="0" tests="3" name="Test11" time="18.383" errors="0" timestamp="17 Jan 2022 09:14:55 GMT">
  <testcase classname="TestOperations.TestCase_011" name="navigate" time="14.539"/>
  <testcase classname="TestOperations.TestCase_011" name="validContactDetails" time="2.963"/>
  <testcase classname="TestOperations.TestCase_011" name="teardown" time="0.875"/>
</testsuite> <!-- Test11 -->
