<?xml version="1.0" encoding="UTF-8"?>
<!-- Generated by org.testng.reporters.JUnitXMLReporter -->
<testsuite ignored="0" hostname="LAPTOP-78KC8FJR" failures="0" tests="3" name="Test14" time="17.747" errors="0" timestamp="17 Jan 2022 09:15:51 GMT">
  <testcase classname="TestOperations.TestCase_014" name="navigate" time="14.658"/>
  <testcase classname="TestOperations.TestCase_014" name="validcabTypeDetails" time="2.227"/>
  <testcase classname="TestOperations.TestCase_014" name="teardown" time="0.855"/>
</testsuite> <!-- Test14 -->
