<?xml version="1.0" encoding="UTF-8"?>
<!-- Generated by org.testng.reporters.JUnitXMLReporter -->
<testsuite ignored="0" hostname="LAPTOP-78KC8FJR" failures="0" tests="3" name="Test15" time="16.439" errors="0" timestamp="17 Jan 2022 09:16:07 GMT">
  <testcase classname="TestOperations.TestCase_015" name="navigate" time="14.12"/>
  <testcase classname="TestOperations.TestCase_015" name="validcarRentalDetails" time="1.545"/>
  <testcase classname="TestOperations.TestCase_015" name="teardown" time="0.767"/>
</testsuite> <!-- Test15 -->
